2020-01-18 13:47:39.223  INFO 6512 --- [main] s.c.a.AnnotationConfigApplicationContext : Refreshing org.springframework.context.annotation.AnnotationConfigApplicationContext@7494f96a: startup date [Sat Jan 18 13:47:39 CST 2020]; root of context hierarchy
2020-01-18 13:47:39.365  INFO 6512 --- [main] f.a.AutowiredAnnotationBeanPostProcessor : JSR-330 'javax.inject.Inject' annotation found and supported for autowiring
2020-01-18 13:47:39.390  INFO 6512 --- [main] trationDelegate$BeanPostProcessorChecker : Bean 'configurationPropertiesRebinderAutoConfiguration' of type [org.springframework.cloud.autoconfigure.ConfigurationPropertiesRebinderAutoConfiguration$$EnhancerBySpringCGLIB$$6453fb00] is not eligible for getting processed by all BeanPostProcessors (for example: not eligible for auto-proxying)
2020-01-18 13:47:40.116  INFO 6512 --- [main] c.h.r.RegisterCenterApplication          : No active profile set, falling back to default profiles: default
2020-01-18 13:47:40.126  INFO 6512 --- [main] ConfigServletWebServerApplicationContext : Refreshing org.springframework.boot.web.servlet.context.AnnotationConfigServletWebServerApplicationContext@6f7923a5: startup date [Sat Jan 18 13:47:40 CST 2020]; parent: org.springframework.context.annotation.AnnotationConfigApplicationContext@7494f96a
2020-01-18 13:47:40.848  INFO 6512 --- [main] o.s.cloud.context.scope.GenericScope     : BeanFactory id=f977b905-e813-314b-89cb-2103d17befc4
2020-01-18 13:47:40.862  INFO 6512 --- [main] f.a.AutowiredAnnotationBeanPostProcessor : JSR-330 'javax.inject.Inject' annotation found and supported for autowiring
2020-01-18 13:47:40.935  INFO 6512 --- [main] trationDelegate$BeanPostProcessorChecker : Bean 'org.springframework.cloud.autoconfigure.ConfigurationPropertiesRebinderAutoConfiguration' of type [org.springframework.cloud.autoconfigure.ConfigurationPropertiesRebinderAutoConfiguration$$EnhancerBySpringCGLIB$$6453fb00] is not eligible for getting processed by all BeanPostProcessors (for example: not eligible for auto-proxying)
2020-01-18 13:47:41.166  INFO 6512 --- [main] o.s.b.w.embedded.tomcat.TomcatWebServer  : Tomcat initialized with port(s): 10001 (http)
2020-01-18 13:47:41.181  INFO 6512 --- [main] o.apache.catalina.core.StandardService   : Starting service [Tomcat]
2020-01-18 13:47:41.181  INFO 6512 --- [main] org.apache.catalina.core.StandardEngine  : Starting Servlet Engine: Apache Tomcat/8.5.32
2020-01-18 13:47:41.184  INFO 6512 --- [localhost-startStop-1] o.a.catalina.core.AprLifecycleListener   : The APR based Apache Tomcat Native library which allows optimal performance in production environments was not found on the java.library.path: [C:\Program Files\Java\jdk1.8.0_171\bin;C:\Windows\Sun\Java\bin;C:\Windows\system32;C:\Windows;C:\Program Files (x86)\Common Files\Intel\Shared Libraries\redist\intel64\compiler;D:\;C:\ProgramData\DockerDesktop\version-bin;C:\Program Files\Docker\Docker\Resources\bin;C:\Program Files (x86)\Common Files\Oracle\Java\javapath;C:\Windows\system32;C:\Windows;C:\Windows\System32\Wbem;C:\Windows\System32\WindowsPowerShell\v1.0\;C:\Windows\System32\OpenSSH\;D:\App\Git\cmd;C:\Program Files\Java\jdk1.8.0_171\bin;C:\Program Files\Java\jdk1.8.0_171\jre\bin;D:\apache-maven-3.3.9\bin;D:\Git\cmd;C:\Users\MuggleLee\AppData\Local\Microsoft\WindowsApps;C:\Users\MuggleLee\AppData\Local\BypassRuntm;C:\Users\MuggleLee\AppData\Local\GitHubDesktop\bin;.]
2020-01-18 13:47:41.278  INFO 6512 --- [localhost-startStop-1] o.a.c.c.C.[Tomcat].[localhost].[/]       : Initializing Spring embedded WebApplicationContext
2020-01-18 13:47:41.278  INFO 6512 --- [localhost-startStop-1] o.s.web.context.ContextLoader            : Root WebApplicationContext: initialization completed in 1152 ms
2020-01-18 13:47:41.398  WARN 6512 --- [localhost-startStop-1] c.n.c.sources.URLConfigurationSource     : No URLs will be polled as dynamic configuration sources.
2020-01-18 13:47:41.399  INFO 6512 --- [localhost-startStop-1] c.n.c.sources.URLConfigurationSource     : To enable URLs as dynamic configuration sources, define System property archaius.configurationSource.additionalUrls or make config.properties available on classpath.
2020-01-18 13:47:41.403  INFO 6512 --- [localhost-startStop-1] c.netflix.config.DynamicPropertyFactory  : DynamicPropertyFactory is initialized with configuration sources: com.netflix.config.ConcurrentCompositeConfiguration@79287daf
2020-01-18 13:47:43.696  INFO 6512 --- [localhost-startStop-1] o.s.b.w.servlet.FilterRegistrationBean   : Mapping filter: 'characterEncodingFilter' to: [/*]
2020-01-18 13:47:43.696  INFO 6512 --- [localhost-startStop-1] o.s.b.w.servlet.FilterRegistrationBean   : Mapping filter: 'webMvcMetricsFilter' to: [/*]
2020-01-18 13:47:43.697  INFO 6512 --- [localhost-startStop-1] o.s.b.w.servlet.FilterRegistrationBean   : Mapping filter: 'hiddenHttpMethodFilter' to: [/*]
2020-01-18 13:47:43.697  INFO 6512 --- [localhost-startStop-1] o.s.b.w.servlet.FilterRegistrationBean   : Mapping filter: 'httpPutFormContentFilter' to: [/*]
2020-01-18 13:47:43.697  INFO 6512 --- [localhost-startStop-1] o.s.b.w.servlet.FilterRegistrationBean   : Mapping filter: 'requestContextFilter' to: [/*]
2020-01-18 13:47:43.697  INFO 6512 --- [localhost-startStop-1] o.s.b.w.servlet.FilterRegistrationBean   : Mapping filter: 'httpTraceFilter' to: [/*]
2020-01-18 13:47:43.697  INFO 6512 --- [localhost-startStop-1] o.s.b.w.servlet.FilterRegistrationBean   : Mapping filter: 'servletContainer' to urls: [/eureka/*]
2020-01-18 13:47:43.697  INFO 6512 --- [localhost-startStop-1] o.s.b.w.servlet.ServletRegistrationBean  : Servlet dispatcherServlet mapped to [/]
2020-01-18 13:47:43.749  INFO 6512 --- [localhost-startStop-1] c.s.j.s.i.a.WebApplicationImpl           : Initiating Jersey application, version 'Jersey: 1.19.1 03/11/2016 02:08 PM'
2020-01-18 13:47:43.799  INFO 6512 --- [localhost-startStop-1] c.n.d.provider.DiscoveryJerseyProvider   : Using JSON encoding codec LegacyJacksonJson
2020-01-18 13:47:43.800  INFO 6512 --- [localhost-startStop-1] c.n.d.provider.DiscoveryJerseyProvider   : Using JSON decoding codec LegacyJacksonJson
2020-01-18 13:47:43.885  INFO 6512 --- [localhost-startStop-1] c.n.d.provider.DiscoveryJerseyProvider   : Using XML encoding codec XStreamXml
2020-01-18 13:47:43.885  INFO 6512 --- [localhost-startStop-1] c.n.d.provider.DiscoveryJerseyProvider   : Using XML decoding codec XStreamXml
2020-01-18 13:47:44.176  WARN 6512 --- [main] c.n.c.sources.URLConfigurationSource     : No URLs will be polled as dynamic configuration sources.
2020-01-18 13:47:44.176  INFO 6512 --- [main] c.n.c.sources.URLConfigurationSource     : To enable URLs as dynamic configuration sources, define System property archaius.configurationSource.additionalUrls or make config.properties available on classpath.
2020-01-18 13:47:44.235  INFO 6512 --- [main] o.s.w.s.handler.SimpleUrlHandlerMapping  : Mapped URL path [/**/favicon.ico] onto handler of type [class org.springframework.web.servlet.resource.ResourceHttpRequestHandler]
2020-01-18 13:47:44.368  INFO 6512 --- [main] s.w.s.m.m.a.RequestMappingHandlerAdapter : Looking for @ControllerAdvice: org.springframework.boot.web.servlet.context.AnnotationConfigServletWebServerApplicationContext@6f7923a5: startup date [Sat Jan 18 13:47:40 CST 2020]; parent: org.springframework.context.annotation.AnnotationConfigApplicationContext@7494f96a
2020-01-18 13:47:44.418  INFO 6512 --- [main] s.w.s.m.m.a.RequestMappingHandlerMapping : Mapped "{[/error]}" onto public org.springframework.http.ResponseEntity<java.util.Map<java.lang.String, java.lang.Object>> org.springframework.boot.autoconfigure.web.servlet.error.BasicErrorController.error(javax.servlet.http.HttpServletRequest)
2020-01-18 13:47:44.419  INFO 6512 --- [main] s.w.s.m.m.a.RequestMappingHandlerMapping : Mapped "{[/error],produces=[text/html]}" onto public org.springframework.web.servlet.ModelAndView org.springframework.boot.autoconfigure.web.servlet.error.BasicErrorController.errorHtml(javax.servlet.http.HttpServletRequest,javax.servlet.http.HttpServletResponse)
2020-01-18 13:47:44.424  INFO 6512 --- [main] s.w.s.m.m.a.RequestMappingHandlerMapping : Mapped "{[/],methods=[GET]}" onto public java.lang.String org.springframework.cloud.netflix.eureka.server.EurekaController.status(javax.servlet.http.HttpServletRequest,java.util.Map<java.lang.String, java.lang.Object>)
2020-01-18 13:47:44.424  INFO 6512 --- [main] s.w.s.m.m.a.RequestMappingHandlerMapping : Mapped "{[/lastn],methods=[GET]}" onto public java.lang.String org.springframework.cloud.netflix.eureka.server.EurekaController.lastn(javax.servlet.http.HttpServletRequest,java.util.Map<java.lang.String, java.lang.Object>)
2020-01-18 13:47:44.453  INFO 6512 --- [main] o.s.w.s.handler.SimpleUrlHandlerMapping  : Mapped URL path [/webjars/**] onto handler of type [class org.springframework.web.servlet.resource.ResourceHttpRequestHandler]
2020-01-18 13:47:44.454  INFO 6512 --- [main] o.s.w.s.handler.SimpleUrlHandlerMapping  : Mapped URL path [/**] onto handler of type [class org.springframework.web.servlet.resource.ResourceHttpRequestHandler]
2020-01-18 13:47:44.715  INFO 6512 --- [main] o.s.ui.freemarker.SpringTemplateLoader   : SpringTemplateLoader for FreeMarker: using resource loader [org.springframework.boot.web.servlet.context.AnnotationConfigServletWebServerApplicationContext@6f7923a5: startup date [Sat Jan 18 13:47:40 CST 2020]; parent: org.springframework.context.annotation.AnnotationConfigApplicationContext@7494f96a] and template loader path [classpath:/templates/]
2020-01-18 13:47:44.716  INFO 6512 --- [main] o.s.w.s.v.f.FreeMarkerConfigurer         : ClassTemplateLoader for Spring macros added to FreeMarker configuration
2020-01-18 13:47:44.841  INFO 6512 --- [main] o.s.c.n.eureka.InstanceInfoFactory       : Setting initial instance status as: STARTING
2020-01-18 13:47:44.866  INFO 6512 --- [main] com.netflix.discovery.DiscoveryClient    : Initializing Eureka in region us-east-1
2020-01-18 13:47:44.866  INFO 6512 --- [main] com.netflix.discovery.DiscoveryClient    : Client configured to neither register nor query for data.
2020-01-18 13:47:44.872  INFO 6512 --- [main] com.netflix.discovery.DiscoveryClient    : Discovery Client initialized at timestamp 1579326464872 with initial instances count: 0
2020-01-18 13:47:44.906  INFO 6512 --- [main] c.n.eureka.DefaultEurekaServerContext    : Initializing ...
2020-01-18 13:47:44.907  INFO 6512 --- [main] c.n.eureka.cluster.PeerEurekaNodes       : Adding new peer nodes [http://localhost:8761/eureka/]
2020-01-18 13:47:45.341  INFO 6512 --- [main] c.n.d.provider.DiscoveryJerseyProvider   : Using JSON encoding codec LegacyJacksonJson
2020-01-18 13:47:45.342  INFO 6512 --- [main] c.n.d.provider.DiscoveryJerseyProvider   : Using JSON decoding codec LegacyJacksonJson
2020-01-18 13:47:45.342  INFO 6512 --- [main] c.n.d.provider.DiscoveryJerseyProvider   : Using XML encoding codec XStreamXml
2020-01-18 13:47:45.342  INFO 6512 --- [main] c.n.d.provider.DiscoveryJerseyProvider   : Using XML decoding codec XStreamXml
2020-01-18 13:47:45.415  INFO 6512 --- [main] c.n.eureka.cluster.PeerEurekaNodes       : Replica node URL:  http://localhost:8761/eureka/
2020-01-18 13:47:45.420  INFO 6512 --- [main] c.n.e.registry.AbstractInstanceRegistry  : Finished initializing remote region registries. All known remote regions: []
2020-01-18 13:47:45.421  INFO 6512 --- [main] c.n.eureka.DefaultEurekaServerContext    : Initialized
2020-01-18 13:47:45.433  INFO 6512 --- [main] o.s.b.a.e.web.EndpointLinksResolver      : Exposing 0 endpoint(s) beneath base path '/actuator'
2020-01-18 13:47:45.441  INFO 6512 --- [main] s.b.a.e.w.s.WebMvcEndpointHandlerMapping : Mapped "{[/actuator],methods=[GET],produces=[application/vnd.spring-boot.actuator.v2+json || application/json]}" onto protected java.util.Map<java.lang.String, java.util.Map<java.lang.String, org.springframework.boot.actuate.endpoint.web.Link>> org.springframework.boot.actuate.endpoint.web.servlet.WebMvcEndpointHandlerMapping.links(javax.servlet.http.HttpServletRequest,javax.servlet.http.HttpServletResponse)
2020-01-18 13:47:45.489  INFO 6512 --- [main] o.s.j.e.a.AnnotationMBeanExporter        : Registering beans for JMX exposure on startup
2020-01-18 13:47:45.495  INFO 6512 --- [main] o.s.j.e.a.AnnotationMBeanExporter        : Bean with name 'environmentManager' has been autodetected for JMX exposure
2020-01-18 13:47:45.497  INFO 6512 --- [main] o.s.j.e.a.AnnotationMBeanExporter        : Bean with name 'configurationPropertiesRebinder' has been autodetected for JMX exposure
2020-01-18 13:47:45.497  INFO 6512 --- [main] o.s.j.e.a.AnnotationMBeanExporter        : Bean with name 'refreshScope' has been autodetected for JMX exposure
2020-01-18 13:47:45.500  INFO 6512 --- [main] o.s.j.e.a.AnnotationMBeanExporter        : Located managed bean 'environmentManager': registering with JMX server as MBean [org.springframework.cloud.context.environment:name=environmentManager,type=EnvironmentManager]
2020-01-18 13:47:45.506  INFO 6512 --- [main] o.s.j.e.a.AnnotationMBeanExporter        : Located managed bean 'refreshScope': registering with JMX server as MBean [org.springframework.cloud.context.scope.refresh:name=refreshScope,type=RefreshScope]
2020-01-18 13:47:45.512  INFO 6512 --- [main] o.s.j.e.a.AnnotationMBeanExporter        : Located managed bean 'configurationPropertiesRebinder': registering with JMX server as MBean [org.springframework.cloud.context.properties:name=configurationPropertiesRebinder,context=6f7923a5,type=ConfigurationPropertiesRebinder]
2020-01-18 13:47:45.520  INFO 6512 --- [main] o.s.c.support.DefaultLifecycleProcessor  : Starting beans in phase 0
2020-01-18 13:47:45.520  INFO 6512 --- [main] o.s.c.n.e.s.EurekaServiceRegistry        : Registering application RegisterCenter with eureka with status UP
2020-01-18 13:47:45.523  INFO 6512 --- [Thread-25] o.s.c.n.e.server.EurekaServerBootstrap   : Setting the eureka configuration..
2020-01-18 13:47:45.524  INFO 6512 --- [Thread-25] o.s.c.n.e.server.EurekaServerBootstrap   : Eureka data center value eureka.datacenter is not set, defaulting to default
2020-01-18 13:47:45.524  INFO 6512 --- [Thread-25] o.s.c.n.e.server.EurekaServerBootstrap   : Eureka environment value eureka.environment is not set, defaulting to test
2020-01-18 13:47:45.535  INFO 6512 --- [Thread-25] o.s.c.n.e.server.EurekaServerBootstrap   : isAws returned false
2020-01-18 13:47:45.536  INFO 6512 --- [Thread-25] o.s.c.n.e.server.EurekaServerBootstrap   : Initialized server context
2020-01-18 13:47:45.536  INFO 6512 --- [Thread-25] c.n.e.r.PeerAwareInstanceRegistryImpl    : Got 1 instances from neighboring DS node
2020-01-18 13:47:45.536  INFO 6512 --- [Thread-25] c.n.e.r.PeerAwareInstanceRegistryImpl    : Renew threshold is: 1
2020-01-18 13:47:45.536  INFO 6512 --- [Thread-25] c.n.e.r.PeerAwareInstanceRegistryImpl    : Changing status to UP
2020-01-18 13:47:45.542  INFO 6512 --- [Thread-25] e.s.EurekaServerInitializerConfiguration : Started Eureka Server
2020-01-18 13:47:45.554  INFO 6512 --- [main] o.s.b.w.embedded.tomcat.TomcatWebServer  : Tomcat started on port(s): 10001 (http) with context path ''
2020-01-18 13:47:45.555  INFO 6512 --- [main] .s.c.n.e.s.EurekaAutoServiceRegistration : Updating port to 10001
2020-01-18 13:47:45.557  INFO 6512 --- [main] c.h.r.RegisterCenterApplication          : Started RegisterCenterApplication in 7.571 seconds (JVM running for 8.496)
2020-01-18 13:47:46.897  INFO 6512 --- [RMI TCP Connection(6)-192.168.1.102] o.a.c.c.C.[Tomcat].[localhost].[/]       : Initializing Spring FrameworkServlet 'dispatcherServlet'
2020-01-18 13:47:46.898  INFO 6512 --- [RMI TCP Connection(6)-192.168.1.102] o.s.web.servlet.DispatcherServlet        : FrameworkServlet 'dispatcherServlet': initialization started
2020-01-18 13:47:46.910  INFO 6512 --- [RMI TCP Connection(6)-192.168.1.102] o.s.web.servlet.DispatcherServlet        : FrameworkServlet 'dispatcherServlet': initialization completed in 12 ms
